may 01, 2018 12:37:09 AM bitacora.Bitacora <init>
INFORMACIÓN: Bitacora inicializada
may 01, 2018 12:37:09 AM modelo.ImplementacionDAOPostgres insertarUsuario
INFORMACIÓN: Estableciendo conexión con Base de datos
may 01, 2018 12:37:09 AM modelo.ImplementacionDAOPostgres insertarUsuario
INFORMACIÓN: Insertando datos de usuario
may 01, 2018 12:37:09 AM modelo.PostgreSQLDBHelper insertarUsuario
ADVERTENCIA: Error al insertar usaurio: org.postgresql.util.PSQLException: ERROR: una cadena de caracteres entre comillas está inconclusa en o cerca de «',12345a);»
  Position: 205
may 01, 2018 12:40:40 AM bitacora.Bitacora <init>
INFORMACIÓN: Bitacora inicializada
may 01, 2018 12:40:40 AM modelo.ImplementacionDAOPostgres insertarUsuario
INFORMACIÓN: Estableciendo conexión con Base de datos
may 01, 2018 12:40:40 AM modelo.ImplementacionDAOPostgres insertarUsuario
INFORMACIÓN: Insertando datos de usuario
may 01, 2018 12:40:40 AM modelo.PostgreSQLDBHelper insertarUsuario
ADVERTENCIA: Error al insertar usaurio: org.postgresql.util.PSQLException: ERROR: no existe la relación «InventarioBD.usuarios»
  Position: 13
may 01, 2018 12:41:23 AM bitacora.Bitacora <init>
INFORMACIÓN: Bitacora inicializada
may 01, 2018 12:41:23 AM modelo.ImplementacionDAOPostgres insertarUsuario
INFORMACIÓN: Estableciendo conexión con Base de datos
may 01, 2018 12:41:23 AM modelo.ImplementacionDAOPostgres insertarUsuario
INFORMACIÓN: Insertando datos de usuario
may 01, 2018 12:41:23 AM modelo.PostgreSQLDBHelper insertarUsuario
INFORMACIÓN: Usuario insertado correctamente
may 01, 2018 11:30:30 PM bitacora.Bitacora <init>
INFORMACIÓN: Bitacora inicializada
may 01, 2018 11:30:30 PM modelo.ImplementacionDAOPostgres insertarUsuario
INFORMACIÓN: Estableciendo conexión con Base de datos
may 01, 2018 11:30:31 PM modelo.PostgreSQLDBHelper connectDatabase
ADVERTENCIA: Error al conectar con la base de datos de PostgreSQL: org.postgresql.util.PSQLException: Conexión rechazada. Verifique que el nombre del Host y el puerto sean correctos y que postmaster este aceptando conexiones TCP/IP.
may 01, 2018 11:30:31 PM modelo.ImplementacionDAOPostgres insertarUsuario
INFORMACIÓN: Insertando datos de usuario
may 01, 2018 11:30:31 PM modelo.PostgreSQLDBHelper insertarUsuario
GRAVE: Error al insertar usaurio: java.lang.NullPointerException
may 01, 2018 11:39:33 PM bitacora.Bitacora <init>
INFORMACIÓN: Bitacora inicializada
may 01, 2018 11:39:33 PM modelo.ImplementacionDAOPostgres insertarUsuario
INFORMACIÓN: Estableciendo conexión con Base de datos
may 01, 2018 11:39:34 PM modelo.ImplementacionDAOPostgres insertarUsuario
INFORMACIÓN: Insertando datos de usuario
may 01, 2018 11:39:34 PM modelo.PostgreSQLDBHelper insertarUsuario
GRAVE: Error al insertar usaurio: org.postgresql.util.PSQLException: ERROR: llave duplicada viola restricción de unicidad «usuario_pkey»
  Detail: Ya existe la llave (cedula)=(302360145).
may 07, 2018 10:53:56 PM bitacora.Bitacora <init>
INFORMACIÓN: Bitacora inicializada
may 07, 2018 10:53:57 PM modelo.ImplementacionDAOPostgres listarUsuario
INFORMACIÓN: Estableciendo conexión con Base de datos
may 07, 2018 10:53:58 PM modelo.PostgreSQLDBHelper connectDatabase
ADVERTENCIA: Error al conectar con la base de datos de PostgreSQL: org.postgresql.util.PSQLException: Conexión rechazada. Verifique que el nombre del Host y el puerto sean correctos y que postmaster este aceptando conexiones TCP/IP.
may 07, 2018 10:53:58 PM modelo.ImplementacionDAOPostgres listarUsuario
INFORMACIÓN: Obteniendo lista de usuarios
may 07, 2018 10:53:58 PM modelo.PostgreSQLDBHelper listarUsuario
GRAVE: Error al obtener lista de usaurios: java.lang.NullPointerException
may 07, 2018 11:01:58 PM bitacora.Bitacora <init>
INFORMACIÓN: Bitacora inicializada
may 07, 2018 11:01:58 PM modelo.ImplementacionDAOPostgres listarUsuario
INFORMACIÓN: Estableciendo conexión con Base de datos
may 07, 2018 11:01:59 PM modelo.PostgreSQLDBHelper connectDatabase
ADVERTENCIA: Error al conectar con la base de datos de PostgreSQL: org.postgresql.util.PSQLException: Conexión rechazada. Verifique que el nombre del Host y el puerto sean correctos y que postmaster este aceptando conexiones TCP/IP.
may 07, 2018 11:01:59 PM modelo.ImplementacionDAOPostgres listarUsuario
INFORMACIÓN: Obteniendo lista de usuarios
may 07, 2018 11:01:59 PM modelo.PostgreSQLDBHelper listarUsuario
GRAVE: Error al obtener lista de usaurios: java.lang.NullPointerException
may 07, 2018 11:02:54 PM bitacora.Bitacora <init>
INFORMACIÓN: Bitacora inicializada
may 07, 2018 11:02:54 PM modelo.ImplementacionDAOPostgres listarUsuario
INFORMACIÓN: Estableciendo conexión con Base de datos
may 07, 2018 11:02:54 PM modelo.ImplementacionDAOPostgres listarUsuario
INFORMACIÓN: Obteniendo lista de usuarios
may 07, 2018 11:02:54 PM modelo.PostgreSQLDBHelper listarUsuario
GRAVE: Error al obtener lista de usaurios: org.postgresql.util.PSQLException: ERROR: no existe la relación «InventarioBD.usuario»
  Position: 15
may 07, 2018 11:11:55 PM bitacora.Bitacora <init>
INFORMACIÓN: Bitacora inicializada
may 07, 2018 11:11:55 PM modelo.ImplementacionDAOPostgres listarUsuario
INFORMACIÓN: Estableciendo conexión con Base de datos
may 07, 2018 11:11:55 PM modelo.ImplementacionDAOPostgres listarUsuario
INFORMACIÓN: Obteniendo lista de usuarios
may 07, 2018 11:11:55 PM modelo.PostgreSQLDBHelper listarUsuario
GRAVE: Error al obtener lista de usaurios: org.postgresql.util.PSQLException: ERROR: no existe la relación «InventarioBD.usuario»
  Position: 15
may 07, 2018 11:39:25 PM bitacora.Bitacora <init>
INFORMACIÓN: Bitacora inicializada
may 07, 2018 11:39:25 PM modelo.ImplementacionDAOPostgres insertarArticulo
INFORMACIÓN: Estableciendo conexión con Base de datos
may 07, 2018 11:39:25 PM modelo.ImplementacionDAOPostgres insertarArticulo
INFORMACIÓN: Insertando datos de articulo
may 07, 2018 11:39:25 PM modelo.PostgreSQLDBHelper insertarArticulo
GRAVE: Error al insertar usaurio: org.postgresql.util.PSQLException: ERROR: no existe la columna «fechaSaluda» en la relación «producto»
  Position: 89
may 07, 2018 11:39:42 PM bitacora.Bitacora <init>
INFORMACIÓN: Bitacora inicializada
may 07, 2018 11:39:42 PM modelo.ImplementacionDAOPostgres insertarArticulo
INFORMACIÓN: Estableciendo conexión con Base de datos
may 07, 2018 11:39:43 PM modelo.ImplementacionDAOPostgres insertarArticulo
INFORMACIÓN: Insertando datos de articulo
may 07, 2018 11:39:43 PM modelo.PostgreSQLDBHelper insertarArticulo
GRAVE: Error al insertar usaurio: org.postgresql.util.PSQLException: ERROR: no existe la columna «escoba»
  Position: 161
may 07, 2018 11:41:05 PM bitacora.Bitacora <init>
INFORMACIÓN: Bitacora inicializada
may 07, 2018 11:41:05 PM modelo.ImplementacionDAOPostgres insertarArticulo
INFORMACIÓN: Estableciendo conexión con Base de datos
may 07, 2018 11:41:05 PM modelo.ImplementacionDAOPostgres insertarArticulo
INFORMACIÓN: Insertando datos de articulo
may 07, 2018 11:41:05 PM modelo.PostgreSQLDBHelper insertarArticulo
GRAVE: Error al insertar usaurio: org.postgresql.util.PSQLException: ERROR: INSERT tiene más expresiones que columnas de destino
  Position: 227
may 07, 2018 11:43:46 PM bitacora.Bitacora <init>
INFORMACIÓN: Bitacora inicializada
may 07, 2018 11:43:46 PM modelo.ImplementacionDAOPostgres insertarArticulo
INFORMACIÓN: Estableciendo conexión con Base de datos
may 07, 2018 11:43:46 PM modelo.ImplementacionDAOPostgres insertarArticulo
INFORMACIÓN: Insertando datos de articulo
may 07, 2018 11:43:46 PM modelo.PostgreSQLDBHelper insertarArticulo
GRAVE: Error al insertar usaurio: org.postgresql.util.PSQLException: ERROR: la sintaxis de entrada no es válida para tipo date: «»
  Position: 219
may 07, 2018 11:45:52 PM bitacora.Bitacora <init>
INFORMACIÓN: Bitacora inicializada
may 07, 2018 11:45:52 PM modelo.ImplementacionDAOPostgres insertarArticulo
INFORMACIÓN: Estableciendo conexión con Base de datos
may 07, 2018 11:45:52 PM modelo.ImplementacionDAOPostgres insertarArticulo
INFORMACIÓN: Insertando datos de articulo
may 07, 2018 11:45:52 PM modelo.PostgreSQLDBHelper insertarArticulo
GRAVE: Error al insertar usaurio: org.postgresql.util.PSQLException: ERROR: la sintaxis de entrada no es válida para tipo date: «»
  Position: 216
may 07, 2018 11:48:48 PM bitacora.Bitacora <init>
INFORMACIÓN: Bitacora inicializada
may 07, 2018 11:48:48 PM modelo.ImplementacionDAOPostgres insertarArticulo
INFORMACIÓN: Estableciendo conexión con Base de datos
may 07, 2018 11:48:48 PM modelo.ImplementacionDAOPostgres insertarArticulo
INFORMACIÓN: Insertando datos de articulo
may 07, 2018 11:48:48 PM modelo.PostgreSQLDBHelper insertarArticulo
GRAVE: Error al insertar usaurio: org.postgresql.util.PSQLException: ERROR: no existe la columna «yyyy»
  Position: 224
may 07, 2018 11:49:25 PM bitacora.Bitacora <init>
INFORMACIÓN: Bitacora inicializada
may 07, 2018 11:49:25 PM modelo.ImplementacionDAOPostgres insertarArticulo
INFORMACIÓN: Estableciendo conexión con Base de datos
may 07, 2018 11:49:25 PM modelo.ImplementacionDAOPostgres insertarArticulo
INFORMACIÓN: Insertando datos de articulo
may 07, 2018 11:49:25 PM modelo.PostgreSQLDBHelper insertarArticulo
GRAVE: Error al insertar usaurio: org.postgresql.util.PSQLException: ERROR: la sintaxis de entrada no es válida para tipo date: «»
  Position: 238
may 07, 2018 11:52:46 PM bitacora.Bitacora <init>
INFORMACIÓN: Bitacora inicializada
may 07, 2018 11:52:46 PM modelo.ImplementacionDAOPostgres insertarArticulo
INFORMACIÓN: Estableciendo conexión con Base de datos
may 07, 2018 11:52:46 PM modelo.ImplementacionDAOPostgres insertarArticulo
INFORMACIÓN: Insertando datos de articulo
may 07, 2018 11:52:46 PM modelo.PostgreSQLDBHelper insertarArticulo
GRAVE: Error al insertar usaurio: org.postgresql.util.PSQLException: ERROR: la sintaxis de entrada no es válida para tipo date: «»
  Position: 236
may 07, 2018 11:53:27 PM bitacora.Bitacora <init>
INFORMACIÓN: Bitacora inicializada
may 07, 2018 11:53:27 PM modelo.ImplementacionDAOPostgres insertarArticulo
INFORMACIÓN: Estableciendo conexión con Base de datos
may 07, 2018 11:53:27 PM modelo.ImplementacionDAOPostgres insertarArticulo
INFORMACIÓN: Insertando datos de articulo
may 07, 2018 11:53:27 PM modelo.PostgreSQLDBHelper insertarArticulo
GRAVE: Error al insertar usaurio: org.postgresql.util.PSQLException: ERROR: no existe la función to_dete(unknown, unknown)
  Hint: Ninguna función coincide en el nombre y tipos de argumentos. Puede ser necesario agregar conversión explícita de tipos.
  Position: 205
may 08, 2018 12:06:28 AM bitacora.Bitacora <init>
INFORMACIÓN: Bitacora inicializada
may 08, 2018 12:06:28 AM modelo.ImplementacionDAOPostgres insertarArticulo
INFORMACIÓN: Estableciendo conexión con Base de datos
may 08, 2018 12:06:28 AM modelo.ImplementacionDAOPostgres insertarArticulo
INFORMACIÓN: Insertando datos de articulo
may 08, 2018 12:06:28 AM modelo.PostgreSQLDBHelper insertarArticulo
GRAVE: Error al insertar usaurio: org.postgresql.util.PSQLException: ERROR: la sintaxis de entrada no es válida para tipo date: «»
  Position: 236
may 08, 2018 12:08:59 AM bitacora.Bitacora <init>
INFORMACIÓN: Bitacora inicializada
may 08, 2018 12:08:59 AM modelo.ImplementacionDAOPostgres insertarArticulo
INFORMACIÓN: Estableciendo conexión con Base de datos
may 08, 2018 12:08:59 AM modelo.ImplementacionDAOPostgres insertarArticulo
INFORMACIÓN: Insertando datos de articulo
may 08, 2018 12:08:59 AM modelo.PostgreSQLDBHelper insertarArticulo
GRAVE: Error al insertar usaurio: org.postgresql.util.PSQLException: ERROR: la sintaxis de entrada no es válida para tipo date: «null»
  Position: 236
may 08, 2018 12:11:05 AM bitacora.Bitacora <init>
INFORMACIÓN: Bitacora inicializada
may 08, 2018 12:11:05 AM modelo.ImplementacionDAOPostgres insertarArticulo
INFORMACIÓN: Estableciendo conexión con Base de datos
may 08, 2018 12:11:05 AM modelo.ImplementacionDAOPostgres insertarArticulo
INFORMACIÓN: Insertando datos de articulo
may 08, 2018 12:11:05 AM modelo.PostgreSQLDBHelper insertarArticulo
GRAVE: Error al insertar usaurio: org.postgresql.util.PSQLException: ERROR: inserción o actualización en la tabla «producto» viola la llave foránea «FK_IDRequisicion»
  Detail: La llave (idRequisicion)=() no está presente en la tabla «requisicion».
may 08, 2018 12:11:52 AM bitacora.Bitacora <init>
INFORMACIÓN: Bitacora inicializada
may 08, 2018 12:11:53 AM modelo.ImplementacionDAOPostgres insertarArticulo
INFORMACIÓN: Estableciendo conexión con Base de datos
may 08, 2018 12:11:53 AM modelo.ImplementacionDAOPostgres insertarArticulo
INFORMACIÓN: Insertando datos de articulo
may 08, 2018 12:11:53 AM modelo.PostgreSQLDBHelper insertarArticulo
GRAVE: Error al insertar usaurio: org.postgresql.util.PSQLException: ERROR: inserción o actualización en la tabla «producto» viola la llave foránea «FK_IDRequisicion»
  Detail: La llave (idRequisicion)=(null) no está presente en la tabla «requisicion».
may 08, 2018 12:15:48 AM bitacora.Bitacora <init>
INFORMACIÓN: Bitacora inicializada
may 08, 2018 12:15:48 AM modelo.ImplementacionDAOPostgres insertarArticulo
INFORMACIÓN: Estableciendo conexión con Base de datos
may 08, 2018 12:15:48 AM modelo.ImplementacionDAOPostgres insertarArticulo
INFORMACIÓN: Insertando datos de articulo
may 08, 2018 12:15:48 AM modelo.PostgreSQLDBHelper insertarArticulo
GRAVE: Error al insertar usaurio: org.postgresql.util.PSQLException: ERROR: inserción o actualización en la tabla «producto» viola la llave foránea «FK_OrdenCompra»
  Detail: La llave (ordenCompra)=(CDT-OC-1000) no está presente en la tabla «compra».
may 08, 2018 7:43:00 PM bitacora.Bitacora <init>
INFORMACIÓN: Bitacora inicializada
may 08, 2018 7:43:00 PM modelo.ImplementacionDAOPostgres insertarUsuario
INFORMACIÓN: Estableciendo conexión con Base de datos
may 08, 2018 7:43:00 PM modelo.ImplementacionDAOPostgres insertarUsuario
INFORMACIÓN: Insertando datos de usuario
may 08, 2018 7:43:00 PM modelo.PostgreSQLDBHelper insertarUsuario
GRAVE: Error al insertar usaurio: org.postgresql.util.PSQLException: ERROR: no existe la función insertarusuario(integer, character varying, character varying, character varying, character varying, character varying, character varying)
  Hint: Ninguna función coincide en el nombre y tipos de argumentos. Puede ser necesario agregar conversión explícita de tipos.
  Position: 8
may 08, 2018 8:07:35 PM bitacora.Bitacora <init>
INFORMACIÓN: Bitacora inicializada
may 08, 2018 8:07:35 PM modelo.ImplementacionDAOPostgres insertarUsuario
INFORMACIÓN: Estableciendo conexión con Base de datos
may 08, 2018 8:07:36 PM modelo.ImplementacionDAOPostgres insertarUsuario
INFORMACIÓN: Insertando datos de usuario
may 08, 2018 8:07:36 PM modelo.PostgreSQLDBHelper insertarUsuario
GRAVE: Error al insertar usaurio: org.postgresql.util.PSQLException: ERROR: no existe la función insertarusuario(integer, character varying, character varying, character varying, character varying, character varying, character varying)
  Hint: Ninguna función coincide en el nombre y tipos de argumentos. Puede ser necesario agregar conversión explícita de tipos.
  Position: 8
may 08, 2018 9:45:56 PM bitacora.Bitacora <init>
INFORMACIÓN: Bitacora inicializada
may 08, 2018 9:45:57 PM modelo.ImplementacionDAOPostgres insertarUsuario
INFORMACIÓN: Estableciendo conexión con Base de datos
may 08, 2018 9:45:57 PM modelo.ImplementacionDAOPostgres insertarUsuario
INFORMACIÓN: Insertando datos de usuario
may 08, 2018 9:45:57 PM modelo.PostgreSQLDBHelper insertarUsuario
GRAVE: Error al insertar usaurio: org.postgresql.util.PSQLException: ERROR: no existe la función insertarusuario(integer, character varying, character varying, character varying, character varying, character varying, character varying)
  Hint: Ninguna función coincide en el nombre y tipos de argumentos. Puede ser necesario agregar conversión explícita de tipos.
  Position: 8
may 08, 2018 9:59:11 PM bitacora.Bitacora <init>
INFORMACIÓN: Bitacora inicializada
may 08, 2018 9:59:11 PM modelo.ImplementacionDAOPostgres insertarUsuario
INFORMACIÓN: Estableciendo conexión con Base de datos
may 08, 2018 9:59:11 PM modelo.ImplementacionDAOPostgres insertarUsuario
INFORMACIÓN: Insertando datos de usuario
may 08, 2018 9:59:11 PM modelo.PostgreSQLDBHelper insertarUsuario
GRAVE: Error al insertar usaurio: org.postgresql.util.PSQLException: ERROR: no existe la función insertarUsuario(integer, character varying, character varying, character varying, character varying, character varying, character varying)
  Hint: Ninguna función coincide en el nombre y tipos de argumentos. Puede ser necesario agregar conversión explícita de tipos.
  Position: 8
may 08, 2018 11:05:14 PM bitacora.Bitacora <init>
INFORMACIÓN: Bitacora inicializada
may 08, 2018 11:05:14 PM modelo.ImplementacionDAOPostgres insertarUsuario
INFORMACIÓN: Estableciendo conexión con Base de datos
may 08, 2018 11:05:15 PM modelo.ImplementacionDAOPostgres insertarUsuario
INFORMACIÓN: Insertando datos de usuario
may 08, 2018 11:05:15 PM modelo.PostgreSQLDBHelper insertarUsuario
GRAVE: Error al insertar usaurio: org.postgresql.util.PSQLException: ERROR: no existe la función insertarUsuario(integer, character varying, character varying, character varying, character varying, character varying, character varying)
  Hint: Ninguna función coincide en el nombre y tipos de argumentos. Puede ser necesario agregar conversión explícita de tipos.
  Position: 8
may 08, 2018 11:06:42 PM bitacora.Bitacora <init>
INFORMACIÓN: Bitacora inicializada
may 08, 2018 11:06:42 PM modelo.ImplementacionDAOPostgres insertarUsuario
INFORMACIÓN: Estableciendo conexión con Base de datos
may 08, 2018 11:06:42 PM modelo.ImplementacionDAOPostgres insertarUsuario
INFORMACIÓN: Insertando datos de usuario
may 09, 2018 12:12:14 AM bitacora.Bitacora <init>
INFORMACIÓN: Bitacora inicializada
may 09, 2018 12:12:15 AM modelo.PostgreSQLDBHelper connectDatabase
ADVERTENCIA: Error al conectar con la base de datos de PostgreSQL: org.postgresql.util.PSQLException: Conexión rechazada. Verifique que el nombre del Host y el puerto sean correctos y que postmaster este aceptando conexiones TCP/IP.
may 09, 2018 12:14:21 AM bitacora.Bitacora <init>
INFORMACIÓN: Bitacora inicializada
may 09, 2018 12:14:21 AM modelo.ImplementacionDAOPostgres mostrarUsuario
GRAVE: Error obteniendo usuario: org.postgresql.util.PSQLException: Results cannot be retrieved from a CallableStatement before it is executed.
may 09, 2018 12:18:56 AM bitacora.Bitacora <init>
INFORMACIÓN: Bitacora inicializada
may 09, 2018 12:18:56 AM modelo.ImplementacionDAOPostgres mostrarUsuario
GRAVE: Error obteniendo usuario: org.postgresql.util.PSQLException: Results cannot be retrieved from a CallableStatement before it is executed.
may 09, 2018 12:20:17 AM bitacora.Bitacora <init>
INFORMACIÓN: Bitacora inicializada
may 09, 2018 12:20:17 AM modelo.PostgreSQLDBHelper mostrarUsuario
GRAVE: Error al obtener usaurio: org.postgresql.util.PSQLException: A CallableStatement was executed with an invalid number of parameters
may 09, 2018 12:20:17 AM modelo.ImplementacionDAOPostgres mostrarUsuario
GRAVE: Error obteniendo usuario: org.postgresql.util.PSQLException: Results cannot be retrieved from a CallableStatement before it is executed.
may 09, 2018 12:22:14 AM bitacora.Bitacora <init>
INFORMACIÓN: Bitacora inicializada
may 09, 2018 12:22:14 AM modelo.PostgreSQLDBHelper mostrarUsuario
GRAVE: Error al obtener usaurio: org.postgresql.util.PSQLException: A CallableStatement was executed with an invalid number of parameters
may 09, 2018 12:22:14 AM modelo.ImplementacionDAOPostgres mostrarUsuario
GRAVE: Error obteniendo usuario: org.postgresql.util.PSQLException: Results cannot be retrieved from a CallableStatement before it is executed.
may 09, 2018 12:25:19 AM bitacora.Bitacora <init>
INFORMACIÓN: Bitacora inicializada
may 09, 2018 12:25:19 AM modelo.PostgreSQLDBHelper mostrarUsuario
GRAVE: Error al obtener usaurio: org.postgresql.util.PSQLException: A CallableStatement was executed with an invalid number of parameters
may 09, 2018 12:25:19 AM modelo.ImplementacionDAOPostgres mostrarUsuario
GRAVE: Error obteniendo usuario: org.postgresql.util.PSQLException: Results cannot be retrieved from a CallableStatement before it is executed.
may 09, 2018 12:30:12 AM bitacora.Bitacora <init>
INFORMACIÓN: Bitacora inicializada
may 09, 2018 12:30:12 AM modelo.ImplementacionDAOPostgres mostrarUsuario
GRAVE: Error obteniendo usuario: org.postgresql.util.PSQLException: No function outputs were registered.
may 09, 2018 12:30:56 AM bitacora.Bitacora <init>
INFORMACIÓN: Bitacora inicializada
may 09, 2018 12:30:56 AM modelo.PostgreSQLDBHelper mostrarUsuario
GRAVE: Error al obtener usaurio: org.postgresql.util.PSQLException: El índice de la columna está fuera de rango: 2, número de columnas: 1.
may 09, 2018 12:30:56 AM modelo.ImplementacionDAOPostgres mostrarUsuario
GRAVE: Error obteniendo usuario: org.postgresql.util.PSQLException: Results cannot be retrieved from a CallableStatement before it is executed.
may 09, 2018 1:10:55 AM bitacora.Bitacora <init>
INFORMACIÓN: Bitacora inicializada
may 09, 2018 1:10:56 AM modelo.PostgreSQLDBHelper mostrarUsuario
GRAVE: Error al obtener usaurio: org.postgresql.util.PSQLException: A CallableStatement was executed with an invalid number of parameters
may 09, 2018 1:10:56 AM modelo.ImplementacionDAOPostgres mostrarUsuario
GRAVE: Error obteniendo usuario: org.postgresql.util.PSQLException: Results cannot be retrieved from a CallableStatement before it is executed.
may 09, 2018 1:24:21 AM bitacora.Bitacora <init>
INFORMACIÓN: Bitacora inicializada
may 09, 2018 1:24:21 AM modelo.PostgreSQLDBHelper mostrarUsuario
GRAVE: Error al obtener usaurio: org.postgresql.util.PSQLException: A CallableStatement was executed with an invalid number of parameters
may 09, 2018 1:40:31 AM bitacora.Bitacora <init>
INFORMACIÓN: Bitacora inicializada
may 09, 2018 1:40:31 AM modelo.PostgreSQLDBHelper mostrarUsuario
GRAVE: Error al obtener usaurio: org.postgresql.util.PSQLException: A CallableStatement function was executed and the out parameter 1 was of type java.sql.Types=1111 however type java.sql.Types=12 was registered.
may 09, 2018 1:47:32 AM bitacora.Bitacora <init>
INFORMACIÓN: Bitacora inicializada
may 09, 2018 1:47:33 AM modelo.PostgreSQLDBHelper mostrarUsuario
GRAVE: Error al obtener usaurio: org.postgresql.util.PSQLException: ERROR: no existe la función InventarioBD.buscarUsuario(integer)
  Hint: Ninguna función coincide en el nombre y tipos de argumentos. Puede ser necesario agregar conversión explícita de tipos.
  Position: 8
may 09, 2018 2:03:43 AM bitacora.Bitacora <init>
INFORMACIÓN: Bitacora inicializada
may 09, 2018 2:08:53 AM bitacora.Bitacora <init>
INFORMACIÓN: Bitacora inicializada
may 09, 2018 2:08:53 AM modelo.ImplementacionDAOPostgres mostrarUsuario
GRAVE: Error obteniendo usuario: org.postgresql.util.PSQLException: This ResultSet is closed.
may 09, 2018 2:20:00 PM bitacora.Bitacora <init>
INFORMACIÓN: Bitacora inicializada
may 09, 2018 2:20:01 PM modelo.PostgreSQLDBHelper mostrarUsuario
GRAVE: Error al obtener usaurio: org.postgresql.util.PSQLException: The column name cedula was not found in this ResultSet.
may 09, 2018 2:30:23 PM bitacora.Bitacora <init>
INFORMACIÓN: Bitacora inicializada
may 09, 2018 2:30:23 PM modelo.PostgreSQLDBHelper mostrarUsuario
GRAVE: Error al obtener usaurio: org.postgresql.util.PSQLException: ResultSet not positioned properly, perhaps you need to call next.
may 09, 2018 2:32:29 PM bitacora.Bitacora <init>
INFORMACIÓN: Bitacora inicializada
may 09, 2018 2:32:30 PM modelo.PostgreSQLDBHelper mostrarUsuario
GRAVE: Error al obtener usaurio: org.postgresql.util.PSQLException: The column name obtenerUsuario was not found in this ResultSet.
may 09, 2018 2:33:06 PM bitacora.Bitacora <init>
INFORMACIÓN: Bitacora inicializada
may 09, 2018 2:33:06 PM modelo.PostgreSQLDBHelper mostrarUsuario
GRAVE: Error al obtener usaurio: org.postgresql.util.PSQLException: ResultSet not positioned properly, perhaps you need to call next.
may 09, 2018 2:34:16 PM bitacora.Bitacora <init>
INFORMACIÓN: Bitacora inicializada
may 09, 2018 2:34:16 PM modelo.PostgreSQLDBHelper mostrarUsuario
GRAVE: Error al obtener usaurio: org.postgresql.util.PSQLException: El índice de la columna está fuera de rango: 0, número de columnas: 1.
may 09, 2018 2:34:45 PM bitacora.Bitacora <init>
INFORMACIÓN: Bitacora inicializada
may 09, 2018 2:39:07 PM bitacora.Bitacora <init>
INFORMACIÓN: Bitacora inicializada
may 09, 2018 2:39:07 PM modelo.PostgreSQLDBHelper mostrarUsuario
GRAVE: Error al obtener usaurio: org.postgresql.util.PSQLException: Operation requires a scrollable ResultSet, but this ResultSet is FORWARD_ONLY.
may 09, 2018 2:45:58 PM bitacora.Bitacora <init>
INFORMACIÓN: Bitacora inicializada
may 09, 2018 2:45:58 PM modelo.PostgreSQLDBHelper mostrarUsuario
GRAVE: Error al obtener usaurio: org.postgresql.util.PSQLException: El índice de la columna está fuera de rango: 0, número de columnas: 1.
may 09, 2018 2:46:28 PM bitacora.Bitacora <init>
INFORMACIÓN: Bitacora inicializada
may 09, 2018 2:46:39 PM bitacora.Bitacora <init>
INFORMACIÓN: Bitacora inicializada
may 09, 2018 2:46:39 PM modelo.PostgreSQLDBHelper mostrarUsuario
GRAVE: Error al obtener usaurio: org.postgresql.util.PSQLException: El índice de la columna está fuera de rango: 2, número de columnas: 1.
may 09, 2018 3:04:26 PM bitacora.Bitacora <init>
INFORMACIÓN: Bitacora inicializada
may 09, 2018 3:09:00 PM bitacora.Bitacora <init>
INFORMACIÓN: Bitacora inicializada
may 09, 2018 4:48:10 PM bitacora.Bitacora <init>
INFORMACIÓN: Bitacora inicializada
may 09, 2018 4:48:10 PM modelo.ImplementacionDAOPostgres listarUsuario
INFORMACIÓN: Estableciendo conexión con Base de datos
may 09, 2018 4:48:10 PM modelo.ImplementacionDAOPostgres listarUsuario
INFORMACIÓN: Obteniendo lista de usuarios
may 09, 2018 5:41:55 PM bitacora.Bitacora <init>
INFORMACIÓN: Bitacora inicializada
may 09, 2018 5:41:55 PM modelo.PostgreSQLDBHelper mostrarUsuario
GRAVE: Error al obtener usaurio: org.postgresql.util.PSQLException: ResultSet not positioned properly, perhaps you need to call next.
may 09, 2018 5:43:12 PM bitacora.Bitacora <init>
INFORMACIÓN: Bitacora inicializada
may 09, 2018 5:43:12 PM modelo.PostgreSQLDBHelper mostrarUsuario
GRAVE: Error al obtener usaurio: java.lang.NullPointerException
may 09, 2018 5:48:56 PM bitacora.Bitacora <init>
INFORMACIÓN: Bitacora inicializada
may 09, 2018 5:48:56 PM modelo.PostgreSQLDBHelper mostrarUsuario
GRAVE: Error al obtener usaurio: java.lang.NullPointerException
may 09, 2018 5:51:05 PM bitacora.Bitacora <init>
INFORMACIÓN: Bitacora inicializada
may 09, 2018 5:51:05 PM modelo.PostgreSQLDBHelper mostrarUsuario
GRAVE: Error al obtener usaurio: org.postgresql.util.PSQLException: Operation requires a scrollable ResultSet, but this ResultSet is FORWARD_ONLY.
may 09, 2018 5:51:19 PM bitacora.Bitacora <init>
INFORMACIÓN: Bitacora inicializada
may 09, 2018 5:51:19 PM modelo.PostgreSQLDBHelper mostrarUsuario
GRAVE: Error al obtener usaurio: java.lang.NullPointerException
may 09, 2018 5:58:18 PM bitacora.Bitacora <init>
INFORMACIÓN: Bitacora inicializada
may 09, 2018 6:01:14 PM bitacora.Bitacora <init>
INFORMACIÓN: Bitacora inicializada
may 09, 2018 6:03:27 PM bitacora.Bitacora <init>
INFORMACIÓN: Bitacora inicializada
may 09, 2018 6:03:27 PM modelo.ImplementacionDAOPostgres listarUsuario
INFORMACIÓN: Estableciendo conexión con Base de datos
may 09, 2018 6:03:27 PM modelo.ImplementacionDAOPostgres listarUsuario
INFORMACIÓN: Obteniendo lista de usuarios
may 09, 2018 6:03:27 PM modelo.ImplementacionDAOPostgres listarUsuario
GRAVE: Error obteniendo lista de usuarios: org.postgresql.util.PSQLException: This ResultSet is closed.
may 09, 2018 6:09:16 PM bitacora.Bitacora <init>
INFORMACIÓN: Bitacora inicializada
may 09, 2018 6:09:16 PM modelo.ImplementacionDAOPostgres listarUsuario
INFORMACIÓN: Estableciendo conexión con Base de datos
may 09, 2018 6:09:16 PM modelo.ImplementacionDAOPostgres listarUsuario
INFORMACIÓN: Obteniendo lista de usuarios
may 09, 2018 6:09:16 PM modelo.PostgreSQLDBHelper listarUsuario
GRAVE: Error al obtener lista de usaurios: org.postgresql.util.PSQLException: Bad value for type int : Administrador
may 09, 2018 6:11:13 PM bitacora.Bitacora <init>
INFORMACIÓN: Bitacora inicializada
may 09, 2018 6:11:13 PM modelo.ImplementacionDAOPostgres listarUsuario
INFORMACIÓN: Estableciendo conexión con Base de datos
may 09, 2018 6:11:13 PM modelo.ImplementacionDAOPostgres listarUsuario
INFORMACIÓN: Obteniendo lista de usuarios
may 09, 2018 6:11:13 PM modelo.ImplementacionDAOPostgres listarUsuario
GRAVE: Error obteniendo lista de usuarios: org.postgresql.util.PSQLException: This ResultSet is closed.
may 09, 2018 6:15:51 PM bitacora.Bitacora <init>
INFORMACIÓN: Bitacora inicializada
may 09, 2018 6:15:51 PM modelo.ImplementacionDAOPostgres listarUsuario
INFORMACIÓN: Estableciendo conexión con Base de datos
may 09, 2018 6:15:51 PM modelo.ImplementacionDAOPostgres listarUsuario
INFORMACIÓN: Obteniendo lista de usuarios
may 09, 2018 6:15:51 PM modelo.PostgreSQLDBHelper listarUsuario
GRAVE: Error al obtener lista de usaurios: org.postgresql.util.PSQLException: ERROR: un identificador entre comillas está inconcluso en o cerca de «"usuario»
  Position: 85
may 09, 2018 6:19:47 PM bitacora.Bitacora <init>
INFORMACIÓN: Bitacora inicializada
may 09, 2018 6:19:47 PM modelo.ImplementacionDAOPostgres listarUsuario
INFORMACIÓN: Estableciendo conexión con Base de datos
may 09, 2018 6:19:47 PM modelo.ImplementacionDAOPostgres listarUsuario
INFORMACIÓN: Obteniendo lista de usuarios
may 09, 2018 6:19:47 PM modelo.PostgreSQLDBHelper listarUsuario
GRAVE: Error al obtener lista de usaurios: org.postgresql.util.PSQLException: Bad value for type int : kerryflotte@hotmail.com
may 09, 2018 6:19:47 PM modelo.ImplementacionDAOPostgres listarUsuario
GRAVE: Error obteniendo lista de usuarios: org.postgresql.util.PSQLException: The column name id was not found in this ResultSet.
may 09, 2018 6:20:17 PM bitacora.Bitacora <init>
INFORMACIÓN: Bitacora inicializada
may 09, 2018 6:20:17 PM modelo.ImplementacionDAOPostgres listarUsuario
INFORMACIÓN: Estableciendo conexión con Base de datos
may 09, 2018 6:20:17 PM modelo.ImplementacionDAOPostgres listarUsuario
INFORMACIÓN: Obteniendo lista de usuarios
may 09, 2018 6:20:17 PM modelo.ImplementacionDAOPostgres listarUsuario
GRAVE: Error obteniendo lista de usuarios: org.postgresql.util.PSQLException: This ResultSet is closed.
may 09, 2018 6:29:11 PM bitacora.Bitacora <init>
INFORMACIÓN: Bitacora inicializada
may 09, 2018 6:29:11 PM modelo.ImplementacionDAOPostgres listarUsuario
INFORMACIÓN: Estableciendo conexión con Base de datos
may 09, 2018 6:29:11 PM modelo.ImplementacionDAOPostgres listarUsuario
INFORMACIÓN: Obteniendo lista de usuarios
may 09, 2018 6:29:11 PM modelo.ImplementacionDAOPostgres listarUsuario
GRAVE: Error obteniendo lista de usuarios: org.postgresql.util.PSQLException: This ResultSet is closed.
may 09, 2018 6:42:25 PM bitacora.Bitacora <init>
INFORMACIÓN: Bitacora inicializada
may 09, 2018 6:42:25 PM modelo.ImplementacionDAOPostgres listarUsuario
INFORMACIÓN: Estableciendo conexión con Base de datos
may 09, 2018 6:42:25 PM modelo.ImplementacionDAOPostgres listarUsuario
INFORMACIÓN: Obteniendo lista de usuarios
may 09, 2018 6:54:22 PM bitacora.Bitacora <init>
INFORMACIÓN: Bitacora inicializada
may 09, 2018 6:55:21 PM bitacora.Bitacora <init>
INFORMACIÓN: Bitacora inicializada
may 09, 2018 6:55:22 PM modelo.PostgreSQLDBHelper mostrarUsuario
GRAVE: Error al obtener usaurio: org.postgresql.util.PSQLException: The column name Id was not found in this ResultSet.
may 09, 2018 6:56:22 PM bitacora.Bitacora <init>
INFORMACIÓN: Bitacora inicializada
may 09, 2018 7:04:30 PM bitacora.Bitacora <init>
INFORMACIÓN: Bitacora inicializada
may 09, 2018 7:04:30 PM modelo.ImplementacionDAOPostgres insertarUsuario
INFORMACIÓN: Estableciendo conexión con Base de datos
may 09, 2018 7:04:30 PM modelo.ImplementacionDAOPostgres insertarUsuario
INFORMACIÓN: Insertando datos de usuario
may 09, 2018 7:22:26 PM bitacora.Bitacora <init>
INFORMACIÓN: Bitacora inicializada
may 09, 2018 7:22:26 PM modelo.ImplementacionDAOPostgres insertarUsuario
INFORMACIÓN: Estableciendo conexión con Base de datos
may 09, 2018 7:22:26 PM modelo.ImplementacionDAOPostgres insertarUsuario
INFORMACIÓN: Insertando datos de usuario
may 09, 2018 7:24:53 PM bitacora.Bitacora <init>
INFORMACIÓN: Bitacora inicializada
may 09, 2018 7:24:54 PM modelo.PostgreSQLDBHelper connectDatabase
ADVERTENCIA: Error al conectar con la base de datos de PostgreSQL: org.postgresql.util.PSQLException: Conexión rechazada. Verifique que el nombre del Host y el puerto sean correctos y que postmaster este aceptando conexiones TCP/IP.
may 09, 2018 7:26:20 PM bitacora.Bitacora <init>
INFORMACIÓN: Bitacora inicializada
may 09, 2018 7:26:20 PM modelo.ImplementacionDAOPostgres eliminarUsuario
INFORMACIÓN: Insertando datos de usuario
may 09, 2018 11:05:29 PM bitacora.Bitacora <init>
INFORMACIÓN: Bitacora inicializada
may 09, 2018 11:12:37 PM bitacora.Bitacora <init>
INFORMACIÓN: Bitacora inicializada
